<?xml version="1.0" encoding="UTF-8"?>
<!-- Generated by org.testng.reporters.JUnitReportReporter -->
<testsuite skipped="0" hostname="PRL" name="com.prl.MyClass2" tests="1" failures="0" timestamp="3 Nov 2016 10:40:51 GMT" time="0.008" errors="0">
  <testcase name="Test003" time="0.008" classname="com.prl.MyClass2"/>
</testsuite> <!-- com.prl.MyClass2 -->
