<?xml version="1.0" encoding="UTF-8"?>
<!-- Generated by org.testng.reporters.JUnitReportReporter -->
<testsuite skipped="0" hostname="PRL" name="com.prl.MiscTest" tests="3" failures="0" timestamp="1 Feb 2017 02:33:32 GMT" time="0.034" errors="0">
  <testcase name="setData" time="0.002" classname="com.prl.MiscTest"/>
  <testcase name="setData" time="0.001" classname="com.prl.MiscTest"/>
  <testcase name="setData" time="0.031" classname="com.prl.MiscTest"/>
</testsuite> <!-- com.prl.MiscTest -->
