<?xml version="1.0" encoding="UTF-8"?>
<!-- Generated by org.testng.reporters.JUnitReportReporter -->
<testsuite skipped="0" hostname="PRL" name="com.prl.MyClass3" tests="4" failures="0" timestamp="25 Jan 2017 03:02:54 GMT" time="0.060" errors="0">
  <testcase name="masterMethod" time="0.007" classname="com.prl.MyClass3"/>
  <testcase name="TestMethod1" time="0.004" classname="com.prl.MyClass3"/>
  <testcase name="masterMethod" time="0.008" classname="com.prl.MyClass3"/>
  <testcase name="TestMethod1" time="0.041" classname="com.prl.MyClass3"/>
</testsuite> <!-- com.prl.MyClass3 -->
