<?xml version="1.0" encoding="UTF-8"?>
<!-- Generated by org.testng.reporters.JUnitReportReporter -->
<testsuite skipped="0" hostname="PRL" name="com.prl.FactoryClass" tests="1" failures="0" timestamp="3 Nov 2016 05:53:58 GMT" time="0.010" errors="0">
  <testcase name="TestMethod1" time="0.010" classname="com.prl.FactoryClass"/>
</testsuite> <!-- com.prl.FactoryClass -->
