<?xml version="1.0" encoding="UTF-8"?>
<!-- Generated by org.testng.reporters.JUnitReportReporter -->
<testsuite skipped="0" hostname="PRL" name="com.prl.TestClass6" tests="5" failures="0" timestamp="10 Oct 2017 17:47:44 GMT" time="0.184" errors="0">
  <testcase name="testMethod1" time="0.177" classname="com.prl.TestClass6"/>
  <testcase name="testMethod3" time="0.002" classname="com.prl.TestClass6"/>
  <testcase name="testMethod5" time="0.002" classname="com.prl.TestClass6"/>
  <testcase name="testMethod4" time="0.002" classname="com.prl.TestClass6"/>
  <testcase name="testMethod2" time="0.001" classname="com.prl.TestClass6"/>
</testsuite> <!-- com.prl.TestClass6 -->
