<?xml version="1.0" encoding="UTF-8"?>
<!-- Generated by org.testng.reporters.JUnitReportReporter -->
<testsuite hostname="PRL" name="com.prl.TestClass2" tests="2" failures="0" timestamp="1 Oct 2017 16:35:16 GMT" time="0.012" errors="0">
  <testcase name="testMethod2" time="0.000" classname="com.prl.TestClass2"/>
  <testcase name="testMethod1" time="0.012" classname="com.prl.TestClass2"/>
</testsuite> <!-- com.prl.TestClass2 -->
