<?xml version="1.0" encoding="UTF-8"?>
<!-- Generated by org.testng.reporters.JUnitReportReporter -->
<testsuite hostname="PRL" name="com.prl.TestClass1" tests="4" failures="0" timestamp="15 Aug 2017 02:33:12 GMT" time="0.002" errors="0">
  <testcase name="testMethod2" time="0.001" classname="com.prl.TestClass1"/>
  <testcase name="testMethod1" time="0.000" classname="com.prl.TestClass1"/>
  <testcase name="testMethod2" time="0.000" classname="com.prl.TestClass1"/>
  <testcase name="testMethod1" time="0.001" classname="com.prl.TestClass1"/>
</testsuite> <!-- com.prl.TestClass1 -->
