<?xml version="1.0" encoding="UTF-8"?>
<!-- Generated by org.testng.reporters.JUnitReportReporter -->
<testsuite hostname="PRL" name="com.prl.TestClass4" tests="2" failures="0" timestamp="1 Oct 2017 16:35:16 GMT" time="0.001" errors="0">
  <testcase name="testMethod2" time="0.000" classname="com.prl.TestClass4"/>
  <testcase name="testMethod1" time="0.001" classname="com.prl.TestClass4"/>
</testsuite> <!-- com.prl.TestClass4 -->
