<?xml version="1.0" encoding="UTF-8"?>
<!-- Generated by org.testng.reporters.JUnitReportReporter -->
<testsuite hostname="PRL" name="com.prl.TestClass2" tests="2" failures="0" timestamp="10 Oct 2017 16:28:49 GMT" time="0.007" errors="0">
  <testcase name="testMethod1TestClass2" time="0.000" classname="com.prl.TestClass2"/>
  <testcase name="testMethod2TestClass2" time="0.007" classname="com.prl.TestClass2"/>
</testsuite> <!-- com.prl.TestClass2 -->
