<?xml version="1.0" encoding="UTF-8"?>
<!-- Generated by org.testng.reporters.JUnitReportReporter -->
<testsuite hostname="PRL" name="com.prl.TestClass4" tests="1" failures="0" timestamp="10 Oct 2017 16:10:51 GMT" time="0.000" errors="0">
  <testcase name="testMethod1TestClass4" time="0.000" classname="com.prl.TestClass4"/>
</testsuite> <!-- com.prl.TestClass4 -->
