<?xml version="1.0" encoding="UTF-8"?>
<!-- Generated by org.testng.reporters.JUnitReportReporter -->
<testsuite hostname="PRL" name="com.prl.TestClass6" tests="5" failures="0" timestamp="12 Oct 2017 17:35:13 GMT" time="23.117" errors="0">
  <testcase name="testMethod4" time="0.000" classname="com.prl.TestClass6"/>
  <testcase name="testMethod2" time="0.001" classname="com.prl.TestClass6"/>
  <testcase name="testMethod1" time="23.115" classname="com.prl.TestClass6"/>
  <testcase name="testMethod3" time="0.001" classname="com.prl.TestClass6"/>
  <testcase name="testMethod5" time="0.000" classname="com.prl.TestClass6"/>
</testsuite> <!-- com.prl.TestClass6 -->
