<?xml version="1.0" encoding="UTF-8"?>
<!-- Generated by org.testng.reporters.JUnitReportReporter -->
<testsuite hostname="PRL" name="com.prl.TestClass3" tests="2" failures="0" timestamp="10 Oct 2017 16:55:43 GMT" time="0.006" errors="0">
  <testcase name="testMethod1TestClass3" time="0.006" classname="com.prl.TestClass3"/>
  <testcase name="testMethod2TestClass3" time="0.000" classname="com.prl.TestClass3"/>
</testsuite> <!-- com.prl.TestClass3 -->
