<?xml version="1.0" encoding="UTF-8"?>
<!-- Generated by org.testng.reporters.JUnitReportReporter -->
<testsuite skipped="0" hostname="PRL" name="com.prl.soapuitest.APITest" tests="1" failures="0" timestamp="27 Jan 2017 17:31:19 GMT" time="4.137" errors="0">
  <testcase name="testSoapUI" time="4.137" classname="com.prl.soapuitest.APITest"/>
</testsuite> <!-- com.prl.soapuitest.APITest -->
