<?xml version="1.0" encoding="UTF-8"?>
<!-- Generated by org.testng.reporters.JUnitReportReporter -->
<testsuite skipped="0" hostname="PRL" name="com.prl.soapuitest.TestCreator" tests="5" failures="0" timestamp="27 Jan 2017 18:06:20 GMT" time="6.125" errors="0">
  <testcase name="Test1" time="3.650" classname="com.prl.soapuitest.TestCreator"/>
  <testcase name="Test1" time="1.616" classname="com.prl.soapuitest.TestCreator"/>
  <testcase name="Test1" time="0.005" classname="com.prl.soapuitest.TestCreator"/>
  <testcase name="Test1" time="0.012" classname="com.prl.soapuitest.TestCreator"/>
  <testcase name="Test1" time="0.842" classname="com.prl.soapuitest.TestCreator"/>
</testsuite> <!-- com.prl.soapuitest.TestCreator -->
