<?xml version="1.0" encoding="UTF-8"?>
<!-- Generated by org.testng.reporters.JUnitReportReporter -->
<testsuite hostname="PRL" name="com.prl.tests.MiscTest1" tests="1" failures="0" timestamp="22 Oct 2017 13:31:10 GMT" time="0.463" errors="0">
  <testcase name="miscTest1" time="0.463" classname="com.prl.tests.MiscTest1"/>
</testsuite> <!-- com.prl.tests.MiscTest1 -->
