<?xml version="1.0" encoding="UTF-8"?>
<!-- Generated by org.testng.reporters.JUnitReportReporter -->
<testsuite hostname="PRL" name="com.AppiumMavenTestNG.BasicWD" tests="1" failures="0" timestamp="19 Jan 2017 09:15:45 GMT" time="16.261" errors="0">
  <testcase name="Test1" time="16.261" classname="com.AppiumMavenTestNG.BasicWD"/>
</testsuite> <!-- com.AppiumMavenTestNG.BasicWD -->
