<?xml version="1.0" encoding="UTF-8"?>
<!-- Generated by org.testng.reporters.JUnitReportReporter -->
<testsuite skipped="0" hostname="PRL" name="com.prl.cucumberTestNG.MyTestRunner" tests="1" failures="0" timestamp="22 Oct 2017 11:47:28 GMT" time="0.114" errors="0">
  <testcase name="feature" time="0.114" classname="com.prl.cucumberTestNG.MyTestRunner"/>
</testsuite> <!-- com.prl.cucumberTestNG.MyTestRunner -->
